e:\大三下\.net\mltest\login_clr\codedll\debug\codedll.pch
e:\大三下\.net\mltest\login_clr\codedll\debug\vc141.pdb
e:\大三下\.net\mltest\login_clr\codedll\debug\pch.obj
e:\大三下\.net\mltest\login_clr\codedll\debug\codedll.obj
e:\大三下\.net\mltest\login_clr\codedll\debug\assemblyinfo.obj
e:\大三下\.net\mltest\login_clr\codedll\debug\.netframework,version=v4.6.1.assemblyattributes.obj
e:\大三下\.net\mltest\login_clr\codedll\debug\.netframework,version=v4.6.1.assemblyattributes.asm
e:\大三下\.net\mltest\login_clr\debug\codedll.dll
e:\大三下\.net\mltest\login_clr\debug\codedll.pdb
e:\大三下\.net\mltest\login_clr\codedll\debug\app.res
e:\大三下\.net\mltest\login_clr\codedll\debug\codedll.tlog\cl.command.1.tlog
e:\大三下\.net\mltest\login_clr\codedll\debug\codedll.tlog\cl.read.1.tlog
e:\大三下\.net\mltest\login_clr\codedll\debug\codedll.tlog\cl.write.1.tlog
e:\大三下\.net\mltest\login_clr\codedll\debug\codedll.tlog\link.command.1.tlog
e:\大三下\.net\mltest\login_clr\codedll\debug\codedll.tlog\link.read.1.tlog
e:\大三下\.net\mltest\login_clr\codedll\debug\codedll.tlog\link.write.1.tlog
e:\大三下\.net\mltest\login_clr\codedll\debug\codedll.tlog\metagen.read.1.tlog
e:\大三下\.net\mltest\login_clr\codedll\debug\codedll.tlog\metagen.write.1.tlog
e:\大三下\.net\mltest\login_clr\codedll\debug\codedll.tlog\rc.command.1.tlog
e:\大三下\.net\mltest\login_clr\codedll\debug\codedll.tlog\rc.read.1.tlog
e:\大三下\.net\mltest\login_clr\codedll\debug\codedll.tlog\rc.write.1.tlog
